2025-04-06 01:22:02,506 - WARNING - Unusual course level 800. Using default level 100.
2025-04-06 01:22:02,507 - WARNING - Unusual course level 900. Using default level 100.
2025-04-06 01:22:02,508 - WARNING - Unusual course level 800. Using default level 100.
2025-04-06 01:22:02,508 - WARNING - Unusual course level 900. Using default level 100.
2025-04-06 01:22:02,508 - WARNING - Unusual course level 800. Using default level 100.
2025-04-06 01:22:02,508 - WARNING - Unusual course level 800. Using default level 100.
2025-04-06 01:22:02,508 - WARNING - Unusual course level 800. Using default level 100.
2025-04-06 01:22:02,508 - WARNING - Unusual course level 800. Using default level 100.
2025-04-06 01:22:02,508 - WARNING - Unusual course level 900. Using default level 100.
2025-04-06 01:22:02,509 - WARNING - Unusual course level 800. Using default level 100.
2025-04-06 01:22:02,509 - WARNING - Unusual course level 900. Using default level 100.
2025-04-06 01:22:02,509 - WARNING - Unusual course level 800. Using default level 100.
2025-04-06 01:22:02,509 - WARNING - Unusual course level 800. Using default level 100.
2025-04-06 01:22:02,510 - WARNING - Unusual course level 900. Using default level 100.
2025-04-06 01:22:02,510 - WARNING - Unusual course level 800. Using default level 100.
2025-04-06 01:22:02,510 - WARNING - Unusual course level 900. Using default level 100.
2025-04-06 01:22:02,510 - WARNING - Unusual course level 900. Using default level 100.
2025-04-06 01:22:02,510 - WARNING - Unusual course level 800. Using default level 100.
2025-04-06 01:22:02,510 - WARNING - Unusual course level 800. Using default level 100.
2025-04-06 01:22:02,513 - WARNING - Unusual course level 900. Using default level 100.
2025-04-06 01:22:02,516 - WARNING - Unusual course level 900. Using default level 100.
2025-04-06 01:22:02,516 - WARNING - Unusual course level 800. Using default level 100.
2025-04-06 01:22:02,517 - WARNING - Unusual course level 800. Using default level 100.
2025-04-06 01:22:02,517 - WARNING - Unusual course level 800. Using default level 100.
2025-04-06 01:22:02,518 - WARNING - Unusual course level 800. Using default level 100.
2025-04-06 01:22:02,518 - WARNING - Unusual course level 800. Using default level 100.
2025-04-06 01:22:02,518 - WARNING - Unusual course level 800. Using default level 100.
2025-04-06 01:22:02,518 - WARNING - Unusual course level 800. Using default level 100.
2025-04-06 01:22:02,518 - WARNING - Unusual course level 800. Using default level 100.
2025-04-06 01:22:02,518 - WARNING - Unusual course level 800. Using default level 100.
2025-04-06 01:22:02,518 - WARNING - Unusual course level 900. Using default level 100.
2025-04-06 01:22:02,518 - WARNING - Unusual course level 800. Using default level 100.
2025-04-06 01:22:02,518 - WARNING - Unusual course level 800. Using default level 100.
2025-04-06 01:22:02,518 - WARNING - Unusual course level 800. Using default level 100.
2025-04-06 01:22:02,518 - WARNING - Unusual course level 800. Using default level 100.
2025-04-06 01:22:02,518 - WARNING - Unusual course level 900. Using default level 100.
2025-04-06 01:22:02,519 - WARNING - Unusual course level 800. Using default level 100.
2025-04-06 01:22:02,519 - WARNING - Unusual course level 800. Using default level 100.
2025-04-06 01:22:02,519 - WARNING - Unusual course level 800. Using default level 100.
2025-04-06 01:22:02,519 - WARNING - Unusual course level 800. Using default level 100.
2025-04-06 01:22:02,519 - WARNING - Unusual course level 800. Using default level 100.
2025-04-06 01:22:02,519 - WARNING - Unusual course level 800. Using default level 100.
2025-04-06 01:22:02,519 - WARNING - Unusual course level 900. Using default level 100.
2025-04-06 01:22:02,519 - WARNING - Unusual course level 800. Using default level 100.
2025-04-06 01:22:02,520 - WARNING - Unusual course level 800. Using default level 100.
2025-04-06 01:22:02,520 - WARNING - Unusual course level 900. Using default level 100.
2025-04-06 01:22:02,520 - WARNING - Unusual course level 800. Using default level 100.
2025-04-06 01:22:02,520 - WARNING - Unusual course level 800. Using default level 100.
2025-04-06 01:22:02,520 - WARNING - Unusual course level 800. Using default level 100.
2025-04-06 01:22:02,520 - WARNING - Unusual course level 900. Using default level 100.
2025-04-06 01:22:02,520 - WARNING - Unusual course level 900. Using default level 100.
2025-04-06 01:22:02,520 - WARNING - Unusual course level 800. Using default level 100.
2025-04-06 01:22:02,522 - WARNING - Unusual course level 900. Using default level 100.
2025-04-06 01:22:02,522 - WARNING - Unusual course level 800. Using default level 100.
2025-04-06 01:22:02,522 - WARNING - Unusual course level 800. Using default level 100.
2025-04-06 01:22:02,523 - WARNING - Unusual course level 900. Using default level 100.
2025-04-06 01:22:02,523 - WARNING - Unusual course level 800. Using default level 100.
2025-04-06 01:22:02,523 - WARNING - Unusual course level 800. Using default level 100.
2025-04-06 01:22:02,524 - WARNING - Unusual course level 900. Using default level 100.
2025-04-06 01:22:02,524 - WARNING - Unusual course level 800. Using default level 100.
2025-04-06 01:22:02,524 - WARNING - Unusual course level 800. Using default level 100.
2025-04-06 01:22:02,524 - WARNING - Unusual course level 800. Using default level 100.
2025-04-06 01:22:02,524 - WARNING - Unusual course level 800. Using default level 100.
2025-04-06 01:22:02,524 - WARNING - Unusual course level 800. Using default level 100.
2025-04-06 01:22:02,524 - WARNING - Unusual course level 800. Using default level 100.
2025-04-06 01:22:02,524 - WARNING - Unusual course level 800. Using default level 100.
2025-04-06 01:22:02,524 - WARNING - Unusual course level 800. Using default level 100.
2025-04-06 01:22:02,524 - WARNING - Unusual course level 800. Using default level 100.
2025-04-06 01:22:02,524 - WARNING - Unusual course level 800. Using default level 100.
2025-04-06 01:22:02,524 - WARNING - Unusual course level 800. Using default level 100.
2025-04-06 01:22:02,524 - WARNING - Unusual course level 800. Using default level 100.
2025-04-06 01:22:02,524 - WARNING - Unusual course level 900. Using default level 100.
2025-04-06 01:22:02,525 - WARNING - Unusual course level 900. Using default level 100.
2025-04-06 01:22:02,528 - WARNING - Unusual course level 900. Using default level 100.
2025-04-06 01:22:02,529 - WARNING - Unusual course level 800. Using default level 100.
2025-04-06 01:22:02,529 - WARNING - Unusual course level 900. Using default level 100.
2025-04-06 01:22:02,530 - WARNING - Unusual course level 800. Using default level 100.
2025-04-06 01:22:02,530 - WARNING - Unusual course level 800. Using default level 100.
2025-04-06 01:22:02,530 - WARNING - Unusual course level 800. Using default level 100.
2025-04-06 01:22:02,530 - WARNING - Unusual course level 800. Using default level 100.
2025-04-06 01:22:02,530 - WARNING - Unusual course level 800. Using default level 100.
2025-04-06 01:22:02,530 - WARNING - Unusual course level 800. Using default level 100.
2025-04-06 01:22:02,530 - WARNING - Unusual course level 800. Using default level 100.
2025-04-06 01:22:02,530 - WARNING - Unusual course level 800. Using default level 100.
2025-04-06 01:22:02,530 - WARNING - Unusual course level 900. Using default level 100.
2025-04-06 01:22:02,531 - WARNING - Unusual course level 800. Using default level 100.
2025-04-06 01:22:02,531 - WARNING - Unusual course level 800. Using default level 100.
2025-04-06 01:22:02,531 - WARNING - Unusual course level 900. Using default level 100.
2025-04-06 01:22:02,531 - WARNING - Unusual course level 800. Using default level 100.
2025-04-06 01:22:02,531 - WARNING - Unusual course level 800. Using default level 100.
2025-04-06 01:22:02,532 - WARNING - Unusual course level 800. Using default level 100.
2025-04-06 01:22:02,532 - WARNING - Unusual course level 800. Using default level 100.
2025-04-06 01:22:02,532 - WARNING - Unusual course level 800. Using default level 100.
2025-04-06 01:22:02,532 - WARNING - Unusual course level 800. Using default level 100.
2025-04-06 01:22:02,532 - WARNING - Unusual course level 800. Using default level 100.
2025-04-06 01:22:02,532 - WARNING - Unusual course level 900. Using default level 100.
2025-04-06 01:22:02,532 - WARNING - Unusual course level 800. Using default level 100.
2025-04-06 01:22:02,532 - WARNING - Unusual course level 800. Using default level 100.
2025-04-06 01:22:02,532 - WARNING - Unusual course level 800. Using default level 100.
2025-04-06 01:22:02,532 - WARNING - Unusual course level 800. Using default level 100.
2025-04-06 01:22:02,532 - WARNING - Unusual course level 800. Using default level 100.
2025-04-06 01:22:02,532 - WARNING - Unusual course level 900. Using default level 100.
2025-04-06 01:22:02,533 - WARNING - Unusual course level 800. Using default level 100.
2025-04-06 01:22:02,533 - WARNING - Unusual course level 800. Using default level 100.
2025-04-06 01:22:02,533 - WARNING - Unusual course level 800. Using default level 100.
2025-04-06 01:22:02,533 - WARNING - Unusual course level 900. Using default level 100.
2025-04-06 01:22:02,533 - WARNING - Unusual course level 800. Using default level 100.
2025-04-06 01:22:02,533 - WARNING - Unusual course level 800. Using default level 100.
2025-04-06 01:22:02,533 - WARNING - Unusual course level 800. Using default level 100.
2025-04-06 01:22:02,533 - WARNING - Unusual course level 800. Using default level 100.
2025-04-06 01:22:02,533 - WARNING - Unusual course level 800. Using default level 100.
2025-04-06 01:22:02,533 - WARNING - Unusual course level 800. Using default level 100.
2025-04-06 01:22:02,533 - WARNING - Unusual course level 800. Using default level 100.
2025-04-06 01:22:02,533 - WARNING - Unusual course level 800. Using default level 100.
2025-04-06 01:22:02,533 - WARNING - Unusual course level 800. Using default level 100.
2025-04-06 01:22:02,533 - WARNING - Unusual course level 800. Using default level 100.
2025-04-06 01:22:02,533 - WARNING - Unusual course level 800. Using default level 100.
2025-04-06 01:22:02,533 - WARNING - Unusual course level 800. Using default level 100.
2025-04-06 01:22:02,534 - WARNING - Unusual course level 800. Using default level 100.
2025-04-06 01:22:02,534 - WARNING - Unusual course level 800. Using default level 100.
2025-04-06 01:22:02,534 - WARNING - Unusual course level 800. Using default level 100.
2025-04-06 01:22:02,534 - WARNING - Unusual course level 800. Using default level 100.
2025-04-06 01:22:02,534 - WARNING - Unusual course level 800. Using default level 100.
2025-04-06 01:22:02,534 - WARNING - Unusual course level 800. Using default level 100.
2025-04-06 01:22:02,534 - WARNING - Unusual course level 800. Using default level 100.
2025-04-06 01:22:02,534 - WARNING - Unusual course level 800. Using default level 100.
2025-04-06 01:22:02,534 - WARNING - Unusual course level 800. Using default level 100.
2025-04-06 01:22:02,534 - WARNING - Unusual course level 800. Using default level 100.
2025-04-06 01:22:02,534 - WARNING - Unusual course level 800. Using default level 100.
2025-04-06 01:22:02,534 - WARNING - Unusual course level 800. Using default level 100.
2025-04-06 01:22:02,534 - WARNING - Unusual course level 800. Using default level 100.
2025-04-06 01:22:02,534 - WARNING - Unusual course level 800. Using default level 100.
2025-04-06 01:22:02,534 - WARNING - Unusual course level 900. Using default level 100.
2025-04-06 01:22:02,535 - WARNING - Unusual course level 800. Using default level 100.
2025-04-06 01:22:02,535 - WARNING - Unusual course level 800. Using default level 100.
2025-04-06 01:22:02,535 - WARNING - Unusual course level 800. Using default level 100.
2025-04-06 01:22:02,535 - WARNING - Unusual course level 800. Using default level 100.
2025-04-06 01:22:02,535 - WARNING - Unusual course level 800. Using default level 100.
2025-04-06 01:22:02,535 - WARNING - Unusual course level 800. Using default level 100.
2025-04-06 01:22:02,536 - WARNING - Unusual course level 900. Using default level 100.
2025-04-06 01:22:02,536 - WARNING - Unusual course level 800. Using default level 100.
2025-04-06 01:22:02,536 - WARNING - Unusual course level 800. Using default level 100.
2025-04-06 01:22:02,537 - WARNING - Unusual course level 900. Using default level 100.
2025-04-06 01:22:02,537 - WARNING - Unusual course level 800. Using default level 100.
2025-04-06 01:22:02,537 - WARNING - Unusual course level 900. Using default level 100.
2025-04-06 01:22:02,538 - WARNING - Unusual course level 900. Using default level 100.
2025-04-06 01:22:02,538 - WARNING - Unusual course level 800. Using default level 100.
2025-04-06 01:22:02,541 - WARNING - Unusual course level 800. Using default level 100.
2025-04-06 01:22:02,541 - WARNING - Unusual course level 800. Using default level 100.
2025-04-06 01:22:02,541 - WARNING - Unusual course level 800. Using default level 100.
2025-04-06 01:22:02,541 - WARNING - Unusual course level 800. Using default level 100.
2025-04-06 01:22:02,541 - WARNING - Unusual course level 900. Using default level 100.
2025-04-06 01:22:02,541 - WARNING - Unusual course level 800. Using default level 100.
2025-04-06 01:22:02,542 - WARNING - Unusual course level 800. Using default level 100.
2025-04-06 01:22:02,542 - WARNING - Unusual course level 800. Using default level 100.
2025-04-06 01:22:02,542 - WARNING - Unusual course level 800. Using default level 100.
2025-04-06 01:22:02,542 - WARNING - Unusual course level 900. Using default level 100.
2025-04-06 01:22:02,543 - WARNING - Unusual course level 0. Using default level 100.
2025-04-06 01:22:02,543 - WARNING - Unusual course level 800. Using default level 100.
2025-04-06 01:22:02,543 - WARNING - Unusual course level 900. Using default level 100.
2025-04-06 01:22:02,544 - WARNING - Unusual course level 800. Using default level 100.
2025-04-06 01:22:02,544 - WARNING - Unusual course level 800. Using default level 100.
2025-04-06 01:22:02,545 - WARNING - Unusual course level 900. Using default level 100.
2025-04-06 01:22:02,546 - WARNING - Unusual course level 800. Using default level 100.
2025-04-06 01:22:02,546 - WARNING - Unusual course level 800. Using default level 100.
2025-04-06 01:22:02,546 - WARNING - Unusual course level 900. Using default level 100.
2025-04-06 01:22:02,547 - WARNING - Unusual course level 800. Using default level 100.
2025-04-06 01:22:02,547 - WARNING - Unusual course level 800. Using default level 100.
2025-04-06 01:22:02,547 - WARNING - Unusual course level 800. Using default level 100.
2025-04-06 01:22:02,547 - WARNING - Unusual course level 800. Using default level 100.
2025-04-06 01:22:02,547 - WARNING - Unusual course level 800. Using default level 100.
2025-04-06 01:22:02,547 - WARNING - Unusual course level 800. Using default level 100.
2025-04-06 01:22:02,547 - WARNING - Unusual course level 900. Using default level 100.
2025-04-06 01:22:02,547 - WARNING - Unusual course level 900. Using default level 100.
2025-04-06 01:22:02,547 - WARNING - Unusual course level 900. Using default level 100.
2025-04-06 01:22:02,547 - WARNING - Unusual course level 900. Using default level 100.
2025-04-06 01:22:02,547 - WARNING - Unusual course level 900. Using default level 100.
2025-04-06 01:22:02,547 - WARNING - Unusual course level 800. Using default level 100.
2025-04-06 01:22:02,547 - WARNING - Unusual course level 900. Using default level 100.
2025-04-06 01:22:02,548 - WARNING - Unusual course level 800. Using default level 100.
2025-04-06 01:22:02,548 - WARNING - Unusual course level 800. Using default level 100.
2025-04-06 01:22:02,549 - WARNING - Unusual course level 800. Using default level 100.
2025-04-06 01:22:02,549 - WARNING - Unusual course level 800. Using default level 100.
2025-04-06 01:22:02,549 - WARNING - Unusual course level 900. Using default level 100.
2025-04-06 01:22:02,549 - WARNING - Unusual course level 800. Using default level 100.
2025-04-06 01:22:02,549 - WARNING - Unusual course level 900. Using default level 100.
2025-04-06 01:22:02,549 - WARNING - Unusual course level 800. Using default level 100.
2025-04-06 01:22:02,549 - WARNING - Unusual course level 900. Using default level 100.
2025-04-06 01:22:02,549 - WARNING - Unusual course level 900. Using default level 100.
2025-04-06 01:22:02,550 - WARNING - Unusual course level 800. Using default level 100.
2025-04-06 01:22:02,550 - WARNING - Unusual course level 900. Using default level 100.
2025-04-06 01:22:02,550 - WARNING - Unusual course level 800. Using default level 100.
2025-04-06 01:22:02,550 - WARNING - Unusual course level 900. Using default level 100.
2025-04-06 01:22:02,551 - WARNING - Unusual course level 800. Using default level 100.
2025-04-06 01:22:02,551 - WARNING - Unusual course level 800. Using default level 100.
2025-04-06 01:22:02,551 - WARNING - Unusual course level 800. Using default level 100.
2025-04-06 01:22:02,551 - WARNING - Unusual course level 800. Using default level 100.
2025-04-06 01:22:02,551 - WARNING - Unusual course level 800. Using default level 100.
2025-04-06 01:22:02,551 - WARNING - Unusual course level 800. Using default level 100.
2025-04-06 01:22:02,551 - WARNING - Unusual course level 800. Using default level 100.
2025-04-06 01:22:02,551 - WARNING - Unusual course level 900. Using default level 100.
2025-04-06 01:22:02,551 - WARNING - Unusual course level 900. Using default level 100.
2025-04-06 01:22:02,551 - WARNING - Unusual course level 900. Using default level 100.
2025-04-06 01:22:02,551 - WARNING - Unusual course level 900. Using default level 100.
2025-04-06 01:22:02,551 - WARNING - Unusual course level 900. Using default level 100.
2025-04-06 01:22:02,551 - WARNING - Unusual course level 900. Using default level 100.
2025-04-06 01:22:02,551 - WARNING - Unusual course level 900. Using default level 100.
2025-04-06 01:22:02,551 - WARNING - Unusual course level 900. Using default level 100.
2025-04-06 01:22:02,551 - WARNING - Unusual course level 900. Using default level 100.
2025-04-06 01:22:02,551 - WARNING - Unusual course level 900. Using default level 100.
2025-04-06 01:22:02,552 - WARNING - Unusual course level 800. Using default level 100.
2025-04-06 01:22:02,552 - WARNING - Unusual course level 800. Using default level 100.
2025-04-06 01:22:02,552 - WARNING - Unusual course level 900. Using default level 100.
2025-04-06 01:22:02,552 - WARNING - Unusual course level 900. Using default level 100.
2025-04-06 01:22:02,552 - WARNING - Unusual course level 800. Using default level 100.
2025-04-06 01:22:02,552 - WARNING - Unusual course level 900. Using default level 100.
2025-04-06 01:22:02,552 - WARNING - Unusual course level 900. Using default level 100.
2025-04-06 01:22:02,552 - WARNING - Unusual course level 800. Using default level 100.
2025-04-06 01:22:02,553 - WARNING - Unusual course level 800. Using default level 100.
2025-04-06 01:22:02,553 - WARNING - Unusual course level 800. Using default level 100.
2025-04-06 01:22:02,553 - WARNING - Unusual course level 800. Using default level 100.
2025-04-06 01:22:02,553 - WARNING - Unusual course level 900. Using default level 100.
2025-04-06 01:22:02,553 - WARNING - Unusual course level 900. Using default level 100.
2025-04-06 01:22:02,553 - WARNING - Unusual course level 900. Using default level 100.
2025-04-06 01:22:02,553 - WARNING - Unusual course level 900. Using default level 100.
2025-04-06 01:22:02,553 - WARNING - Unusual course level 800. Using default level 100.
2025-04-06 01:22:02,553 - WARNING - Unusual course level 900. Using default level 100.
2025-04-06 01:22:02,553 - WARNING - Unusual course level 900. Using default level 100.
2025-04-06 01:22:02,554 - WARNING - Unusual course level 800. Using default level 100.
2025-04-06 01:22:02,554 - WARNING - Unusual course level 800. Using default level 100.
2025-04-06 01:22:02,554 - WARNING - Unusual course level 800. Using default level 100.
2025-04-06 01:22:02,554 - WARNING - Unusual course level 800. Using default level 100.
2025-04-06 01:22:02,554 - WARNING - Unusual course level 800. Using default level 100.
2025-04-06 01:22:02,554 - WARNING - Unusual course level 900. Using default level 100.
2025-04-06 01:22:02,554 - WARNING - Unusual course level 900. Using default level 100.
2025-04-06 01:22:02,554 - WARNING - Unusual course level 900. Using default level 100.
2025-04-06 01:22:02,554 - WARNING - Unusual course level 900. Using default level 100.
2025-04-06 01:22:02,554 - WARNING - Unusual course level 900. Using default level 100.
2025-04-06 01:22:02,554 - WARNING - Unusual course level 0. Using default level 100.
2025-04-06 01:22:02,554 - WARNING - Unusual course level 0. Using default level 100.
2025-04-06 01:22:02,554 - WARNING - Unusual course level 0. Using default level 100.
2025-04-06 01:22:02,554 - WARNING - Unusual course level 0. Using default level 100.
2025-04-06 01:22:02,554 - WARNING - Unusual course level 0. Using default level 100.
2025-04-06 01:22:02,554 - WARNING - Unusual course level 0. Using default level 100.
2025-04-06 01:22:02,554 - WARNING - Unusual course level 0. Using default level 100.
2025-04-06 01:22:02,554 - WARNING - Unusual course level 0. Using default level 100.
2025-04-06 01:22:02,554 - WARNING - Unusual course level 0. Using default level 100.
2025-04-06 01:22:02,554 - WARNING - Unusual course level 0. Using default level 100.
2025-04-06 01:22:02,554 - WARNING - Unusual course level 0. Using default level 100.
2025-04-06 01:22:02,554 - WARNING - Unusual course level 0. Using default level 100.
2025-04-06 01:22:02,554 - WARNING - Unusual course level 0. Using default level 100.
2025-04-06 01:22:02,555 - WARNING - Unusual course level 800. Using default level 100.
2025-04-06 01:22:02,555 - WARNING - Unusual course level 800. Using default level 100.
2025-04-06 01:22:02,555 - WARNING - Unusual course level 800. Using default level 100.
2025-04-06 01:22:02,555 - WARNING - Unusual course level 800. Using default level 100.
2025-04-06 01:22:02,555 - WARNING - Unusual course level 800. Using default level 100.
2025-04-06 01:22:02,555 - WARNING - Unusual course level 800. Using default level 100.
2025-04-06 01:22:02,555 - WARNING - Unusual course level 800. Using default level 100.
2025-04-06 01:22:02,555 - WARNING - Unusual course level 800. Using default level 100.
2025-04-06 01:22:02,555 - WARNING - Unusual course level 800. Using default level 100.
2025-04-06 01:22:02,555 - WARNING - Unusual course level 800. Using default level 100.
2025-04-06 01:22:02,555 - WARNING - Unusual course level 800. Using default level 100.
2025-04-06 01:22:02,555 - WARNING - Unusual course level 800. Using default level 100.
2025-04-06 01:22:02,555 - WARNING - Unusual course level 800. Using default level 100.
2025-04-06 01:22:02,555 - WARNING - Unusual course level 800. Using default level 100.
2025-04-06 01:22:02,555 - WARNING - Unusual course level 800. Using default level 100.
2025-04-06 01:22:02,555 - WARNING - Unusual course level 900. Using default level 100.
2025-04-06 01:22:02,555 - WARNING - Unusual course level 900. Using default level 100.
2025-04-06 01:22:02,555 - WARNING - Unusual course level 900. Using default level 100.
2025-04-06 01:22:02,556 - WARNING - Unusual course level 900. Using default level 100.
2025-04-06 01:22:02,556 - WARNING - Unusual course level 900. Using default level 100.
2025-04-06 01:22:02,556 - WARNING - Unusual course level 900. Using default level 100.
2025-04-06 01:22:02,556 - WARNING - Unusual course level 900. Using default level 100.
2025-04-06 01:22:02,556 - WARNING - Unusual course level 900. Using default level 100.
2025-04-06 01:22:02,556 - WARNING - Unusual course level 900. Using default level 100.
2025-04-06 01:22:02,556 - WARNING - Unusual course level 900. Using default level 100.
2025-04-06 01:22:02,557 - WARNING - Unusual course level 900. Using default level 100.
2025-04-06 01:22:02,557 - WARNING - Unusual course level 800. Using default level 100.
2025-04-06 01:22:02,557 - WARNING - Unusual course level 800. Using default level 100.
2025-04-06 01:22:02,557 - WARNING - Unusual course level 800. Using default level 100.
2025-04-06 01:22:02,557 - WARNING - Unusual course level 800. Using default level 100.
2025-04-06 01:22:02,557 - WARNING - Unusual course level 800. Using default level 100.
2025-04-06 01:22:02,558 - WARNING - Unusual course level 900. Using default level 100.
2025-04-06 01:22:02,558 - WARNING - Unusual course level 800. Using default level 100.
2025-04-06 01:22:02,559 - WARNING - Unusual course level 800. Using default level 100.
2025-04-06 01:22:02,559 - WARNING - Unusual course level 900. Using default level 100.
2025-04-06 01:22:02,559 - WARNING - Unusual course level 800. Using default level 100.
2025-04-06 01:22:02,559 - WARNING - Unusual course level 800. Using default level 100.
2025-04-06 01:22:02,559 - WARNING - Unusual course level 800. Using default level 100.
2025-04-06 01:22:02,559 - WARNING - Unusual course level 800. Using default level 100.
2025-04-06 01:22:02,559 - WARNING - Unusual course level 900. Using default level 100.
2025-04-06 01:22:02,560 - WARNING - Unusual course level 800. Using default level 100.
2025-04-06 01:22:02,560 - WARNING - Unusual course level 800. Using default level 100.
2025-04-06 01:22:02,560 - WARNING - Unusual course level 900. Using default level 100.
2025-04-06 01:22:02,561 - WARNING - Unusual course level 800. Using default level 100.
2025-04-06 01:22:02,561 - WARNING - Unusual course level 800. Using default level 100.
2025-04-06 01:22:02,561 - WARNING - Unusual course level 800. Using default level 100.
2025-04-06 01:22:02,561 - WARNING - Unusual course level 900. Using default level 100.
2025-04-06 01:22:02,562 - WARNING - Unusual course level 900. Using default level 100.
2025-04-06 01:22:02,562 - WARNING - Unusual course level 800. Using default level 100.
2025-04-06 01:22:02,563 - WARNING - Unusual course level 900. Using default level 100.
2025-04-06 01:22:02,563 - WARNING - Unusual course level 800. Using default level 100.
2025-04-06 01:22:02,563 - WARNING - Unusual course level 900. Using default level 100.
2025-04-06 01:22:02,563 - WARNING - Unusual course level 800. Using default level 100.
2025-04-06 01:22:02,563 - WARNING - Unusual course level 0. Using default level 100.
2025-04-06 01:22:02,563 - WARNING - Unusual course level 0. Using default level 100.
2025-04-06 01:22:02,563 - WARNING - Unusual course level 0. Using default level 100.
2025-04-06 01:22:02,564 - WARNING - Unusual course level 0. Using default level 100.
2025-04-06 01:22:02,564 - WARNING - Unusual course level 0. Using default level 100.
2025-04-06 01:22:02,564 - WARNING - Unusual course level 0. Using default level 100.
2025-04-06 01:22:02,564 - WARNING - Unusual course level 0. Using default level 100.
2025-04-06 01:22:02,564 - WARNING - Unusual course level 0. Using default level 100.
2025-04-06 01:22:02,564 - WARNING - Unusual course level 0. Using default level 100.
2025-04-06 01:22:02,564 - WARNING - Unusual course level 0. Using default level 100.
2025-04-06 01:22:02,564 - WARNING - Unusual course level 0. Using default level 100.
2025-04-06 01:22:02,564 - WARNING - Unusual course level 0. Using default level 100.
2025-04-06 01:22:02,564 - WARNING - Unusual course level 0. Using default level 100.
2025-04-06 01:22:02,564 - WARNING - Unusual course level 0. Using default level 100.
2025-04-06 01:22:02,564 - WARNING - Unusual course level 0. Using default level 100.
2025-04-06 01:22:02,564 - WARNING - Unusual course level 0. Using default level 100.
2025-04-06 01:22:02,564 - WARNING - Unusual course level 0. Using default level 100.
2025-04-06 01:22:02,564 - WARNING - Unusual course level 0. Using default level 100.
2025-04-06 01:22:02,564 - WARNING - Unusual course level 0. Using default level 100.
2025-04-06 01:22:02,564 - WARNING - Unusual course level 0. Using default level 100.
2025-04-06 01:22:02,564 - WARNING - Unusual course level 0. Using default level 100.
2025-04-06 01:22:02,564 - WARNING - Unusual course level 0. Using default level 100.
2025-04-06 01:22:02,564 - WARNING - Unusual course level 0. Using default level 100.
2025-04-06 01:22:02,564 - WARNING - Unusual course level 0. Using default level 100.
2025-04-06 01:22:02,564 - WARNING - Unusual course level 0. Using default level 100.
2025-04-06 01:22:02,564 - WARNING - Unusual course level 0. Using default level 100.
2025-04-06 01:22:02,564 - WARNING - Unusual course level 0. Using default level 100.
2025-04-06 01:22:02,565 - WARNING - Unusual course level 0. Using default level 100.
2025-04-06 01:22:02,565 - WARNING - Unusual course level 0. Using default level 100.
2025-04-06 01:22:02,565 - WARNING - Unusual course level 0. Using default level 100.
2025-04-06 01:22:02,565 - WARNING - Unusual course level 0. Using default level 100.
2025-04-06 01:22:02,565 - WARNING - Unusual course level 0. Using default level 100.
2025-04-06 01:22:02,565 - WARNING - Unusual course level 0. Using default level 100.
2025-04-06 01:22:02,565 - WARNING - Unusual course level 0. Using default level 100.
2025-04-06 01:22:02,565 - WARNING - Unusual course level 0. Using default level 100.
2025-04-06 01:22:02,565 - WARNING - Unusual course level 0. Using default level 100.
2025-04-06 01:22:02,565 - WARNING - Unusual course level 0. Using default level 100.
2025-04-06 01:22:02,565 - WARNING - Unusual course level 0. Using default level 100.
2025-04-06 01:22:02,565 - WARNING - Unusual course level 0. Using default level 100.
2025-04-06 01:22:02,565 - WARNING - Unusual course level 0. Using default level 100.
2025-04-06 01:22:02,565 - WARNING - Unusual course level 0. Using default level 100.
2025-04-06 01:22:02,565 - WARNING - Unusual course level 0. Using default level 100.
2025-04-06 01:22:02,565 - WARNING - Unusual course level 0. Using default level 100.
2025-04-06 01:22:02,565 - WARNING - Unusual course level 0. Using default level 100.
2025-04-06 01:22:02,565 - WARNING - Unusual course level 0. Using default level 100.
2025-04-06 01:22:02,565 - WARNING - Unusual course level 0. Using default level 100.
2025-04-06 01:22:02,565 - WARNING - Unusual course level 0. Using default level 100.
2025-04-06 01:22:02,565 - WARNING - Unusual course level 0. Using default level 100.
2025-04-06 01:22:02,565 - WARNING - Unusual course level 0. Using default level 100.
2025-04-06 01:22:02,565 - WARNING - Unusual course level 0. Using default level 100.
2025-04-06 01:22:02,565 - WARNING - Unusual course level 0. Using default level 100.
2025-04-06 01:22:02,565 - WARNING - Unusual course level 0. Using default level 100.
2025-04-06 01:22:02,566 - WARNING - Unusual course level 0. Using default level 100.
2025-04-06 01:22:02,566 - WARNING - Unusual course level 0. Using default level 100.
2025-04-06 01:22:02,566 - WARNING - Unusual course level 0. Using default level 100.
2025-04-06 01:22:02,566 - WARNING - Unusual course level 0. Using default level 100.
2025-04-06 01:22:02,566 - WARNING - Unusual course level 0. Using default level 100.
2025-04-06 01:22:02,566 - WARNING - Unusual course level 0. Using default level 100.
2025-04-06 01:22:02,566 - WARNING - Unusual course level 0. Using default level 100.
2025-04-06 01:22:02,566 - WARNING - Unusual course level 0. Using default level 100.
2025-04-06 01:22:02,566 - WARNING - Unusual course level 0. Using default level 100.
2025-04-06 01:22:02,566 - WARNING - Unusual course level 0. Using default level 100.
2025-04-06 01:22:02,566 - WARNING - Unusual course level 0. Using default level 100.
2025-04-06 01:22:02,566 - WARNING - Unusual course level 0. Using default level 100.
2025-04-06 01:22:02,566 - WARNING - Unusual course level 0. Using default level 100.
2025-04-06 01:22:02,566 - WARNING - Unusual course level 0. Using default level 100.
2025-04-06 01:22:02,566 - WARNING - Unusual course level 0. Using default level 100.
2025-04-06 01:22:02,566 - WARNING - Unusual course level 0. Using default level 100.
2025-04-06 01:22:02,566 - WARNING - Unusual course level 0. Using default level 100.
2025-04-06 01:22:02,566 - WARNING - Unusual course level 0. Using default level 100.
2025-04-06 01:22:02,566 - WARNING - Unusual course level 0. Using default level 100.
2025-04-06 01:22:02,566 - WARNING - Unusual course level 0. Using default level 100.
2025-04-06 01:22:02,566 - WARNING - Unusual course level 0. Using default level 100.
2025-04-06 01:22:02,566 - WARNING - Unusual course level 0. Using default level 100.
2025-04-06 01:22:02,566 - WARNING - Unusual course level 0. Using default level 100.
2025-04-06 01:22:02,567 - WARNING - Unusual course level 0. Using default level 100.
2025-04-06 01:22:02,567 - WARNING - Unusual course level 0. Using default level 100.
2025-04-06 01:22:02,567 - WARNING - Unusual course level 0. Using default level 100.
2025-04-06 01:22:02,567 - WARNING - Unusual course level 0. Using default level 100.
2025-04-06 01:22:02,567 - WARNING - Unusual course level 0. Using default level 100.
2025-04-06 01:22:02,567 - WARNING - Unusual course level 0. Using default level 100.
2025-04-06 01:22:02,567 - WARNING - Unusual course level 0. Using default level 100.
2025-04-06 01:22:02,567 - WARNING - Unusual course level 900. Using default level 100.
2025-04-06 01:22:02,568 - WARNING - Unusual course level 800. Using default level 100.
2025-04-06 01:22:02,569 - WARNING - Unusual course level 800. Using default level 100.
2025-04-06 01:22:02,569 - WARNING - Unusual course level 800. Using default level 100.
2025-04-06 01:22:02,569 - WARNING - Unusual course level 800. Using default level 100.
2025-04-06 01:22:02,569 - WARNING - Unusual course level 800. Using default level 100.
2025-04-06 01:22:02,569 - WARNING - Unusual course level 800. Using default level 100.
2025-04-06 01:22:02,569 - WARNING - Unusual course level 800. Using default level 100.
2025-04-06 01:22:02,569 - WARNING - Unusual course level 800. Using default level 100.
2025-04-06 01:22:02,569 - WARNING - Unusual course level 800. Using default level 100.
2025-04-06 01:22:02,569 - WARNING - Unusual course level 800. Using default level 100.
2025-04-06 01:22:02,569 - WARNING - Unusual course level 900. Using default level 100.
2025-04-06 01:22:02,570 - WARNING - Unusual course level 800. Using default level 100.
2025-04-06 01:22:02,570 - WARNING - Unusual course level 800. Using default level 100.
2025-04-06 01:22:02,570 - WARNING - Unusual course level 800. Using default level 100.
2025-04-06 01:22:02,571 - WARNING - Unusual course level 800. Using default level 100.
2025-04-06 01:22:02,571 - WARNING - Unusual course level 900. Using default level 100.
2025-04-06 01:22:02,572 - WARNING - Unusual course level 800. Using default level 100.
2025-04-06 01:22:02,573 - WARNING - Unusual course level 900. Using default level 100.
2025-04-06 01:22:02,587 - WARNING - Unusual course level 900. Using default level 100.
2025-04-06 01:22:02,588 - WARNING - Unusual course level 900. Using default level 100.
2025-04-06 01:22:02,589 - WARNING - Unusual course level 800. Using default level 100.
2025-04-06 01:22:02,589 - WARNING - Unusual course level 800. Using default level 100.
2025-04-06 01:22:02,589 - WARNING - Unusual course level 800. Using default level 100.
2025-04-06 01:22:02,589 - WARNING - Unusual course level 900. Using default level 100.
2025-04-06 01:22:02,589 - WARNING - Unusual course level 800. Using default level 100.
2025-04-06 01:22:02,594 - WARNING - Unusual course level 800. Using default level 100.
2025-04-06 01:22:02,598 - WARNING - Unusual course level 800. Using default level 100.
2025-04-06 01:22:02,598 - WARNING - Unusual course level 800. Using default level 100.
2025-04-06 01:22:02,598 - WARNING - Unusual course level 0. Using default level 100.
2025-04-06 01:22:02,599 - WARNING - Unusual course level 800. Using default level 100.
2025-04-06 01:22:02,600 - WARNING - Unusual course level 800. Using default level 100.
2025-04-06 01:24:12,573 - INFO - Successfully loaded 7803 courses
2025-04-06 01:24:12,607 - INFO - [31m[1mWARNING: This is a development server. Do not use it in a production deployment. Use a production WSGI server instead.[0m
 * Running on all addresses (0.0.0.0)
 * Running on http://127.0.0.1:5000
 * Running on http://10.21.217.202:5000
2025-04-06 01:24:12,607 - INFO - [33mPress CTRL+C to quit[0m
2025-04-06 01:24:20,150 - INFO - 127.0.0.1 - - [06/Apr/2025 01:24:20] "GET / HTTP/1.1" 200 -
2025-04-06 01:24:20,255 - INFO - 127.0.0.1 - - [06/Apr/2025 01:24:20] "[36mGET /static/style.css HTTP/1.1[0m" 304 -
2025-04-06 01:24:20,264 - INFO - 127.0.0.1 - - [06/Apr/2025 01:24:20] "[36mGET /static/script.js HTTP/1.1[0m" 304 -
2025-04-06 01:24:20,413 - INFO - 127.0.0.1 - - [06/Apr/2025 01:24:20] "[36mGET /static/IU%20Clock%20Clear.jpg HTTP/1.1[0m" 304 -
2025-04-06 01:24:28,704 - INFO - 127.0.0.1 - - [06/Apr/2025 01:24:28] "GET /chatbot HTTP/1.1" 200 -
2025-04-06 01:24:28,763 - INFO - 127.0.0.1 - - [06/Apr/2025 01:24:28] "[36mGET /static/IU%20Clock%20Clear.jpg HTTP/1.1[0m" 304 -
2025-04-06 01:24:34,441 - INFO - Chatbot input: Hello
2025-04-06 01:24:34,441 - INFO - Conversation history length: 2
2025-04-06 01:24:38,418 - INFO - Bot response: Welcome to our course selection system! I'm excited to help you find the perfect courses for your interests and goals.

To get started, can you tell me what area of African American studies is most appealing to you? Are you interested in dance, music, history, or something else?
2025-04-06 01:24:38,418 - INFO - Extracted info: {'career_goals': [], 'preferred_subjects': [], 'time_constraints': []}
2025-04-06 01:24:38,418 - INFO - 127.0.0.1 - - [06/Apr/2025 01:24:38] "POST /api/chatbot/process HTTP/1.1" 200 -
2025-04-06 01:24:54,692 - INFO - Chatbot input: Tell me about computer science classes
2025-04-06 01:24:54,692 - INFO - Conversation history length: 4
2025-04-06 01:24:55,912 - INFO - Bot response: Based on your interest in Data Scientist, Machine Learning Engineer, I recommend the following courses:  Would you like me to suggest more courses or explore related career paths?
2025-04-06 01:24:55,912 - INFO - Extracted info: {'career_goals': ['Data Scientist', 'Machine Learning Engineer'], 'preferred_subjects': [], 'time_constraints': []}
2025-04-06 01:24:55,912 - INFO - 127.0.0.1 - - [06/Apr/2025 01:24:55] "POST /api/chatbot/process HTTP/1.1" 200 -
2025-04-06 01:25:04,641 - INFO - Chatbot input: Data Science
2025-04-06 01:25:04,641 - INFO - Conversation history length: 6
2025-04-06 01:25:08,591 - INFO - Bot response: Based on your interest in Data Science, I'd recommend exploring courses that combine African American studies with data analysis. Here are a few options:

* AAAD-A 201: INTRODUCTION TO AFRICAN AMERICAN AND AFRICAN DIASPORA STUDIES (3 credits) - This course provides an overview of the field and could complement your interest in Data Science.
* AAAD-A 150: SURVEY OF THE CULTURE OF BLACK AMERICANS (3 credits) - This course covers a broad range of topics related to African American culture, which could be interesting to combine with data analysis.

Let me know if you'd like more recommendations or have any questions!
2025-04-06 01:25:08,591 - INFO - Extracted info: {'career_goals': ['Data Scientist'], 'preferred_subjects': [], 'time_constraints': []}
2025-04-06 01:25:08,591 - INFO - 127.0.0.1 - - [06/Apr/2025 01:25:08] "POST /api/chatbot/process HTTP/1.1" 200 -
2025-04-06 01:29:32,578 - INFO - Chatbot input: Give me computer science courses
2025-04-06 01:29:32,578 - INFO - Conversation history length: 2
2025-04-06 01:29:33,628 - INFO - Bot response: Based on your interest in Computer Scientist, I recommend the following courses:  Would you like me to suggest more courses or explore related career paths?
2025-04-06 01:29:33,628 - INFO - Extracted info: {'career_goals': ['Computer Scientist'], 'preferred_subjects': [], 'time_constraints': []}
2025-04-06 01:29:33,628 - INFO - 127.0.0.1 - - [06/Apr/2025 01:29:33] "POST /api/chatbot/process HTTP/1.1" 200 -
2025-04-06 01:29:41,953 - INFO - Chatbot input: Data Science courses
2025-04-06 01:29:41,953 - INFO - Conversation history length: 4
2025-04-06 01:29:43,115 - INFO - Bot response: Based on your interest in Data Scientist, I recommend the following courses:  Would you like me to suggest more courses or explore related career paths?
2025-04-06 01:29:43,115 - INFO - Extracted info: {'career_goals': ['Data Scientist'], 'preferred_subjects': [], 'time_constraints': []}
2025-04-06 01:29:43,115 - INFO - 127.0.0.1 - - [06/Apr/2025 01:29:43] "POST /api/chatbot/process HTTP/1.1" 200 -
2025-04-06 01:29:47,029 - INFO - 127.0.0.1 - - [06/Apr/2025 01:29:47] "GET /chatbot HTTP/1.1" 200 -
2025-04-06 01:29:47,137 - INFO - 127.0.0.1 - - [06/Apr/2025 01:29:47] "[36mGET /static/IU%20Clock%20Clear.jpg HTTP/1.1[0m" 304 -
2025-04-06 01:29:52,115 - INFO - Chatbot input: Data Science Course
2025-04-06 01:29:52,115 - INFO - Conversation history length: 11
2025-04-06 01:29:53,301 - INFO - Bot response: Based on your interest in Data Scientist, I recommend the following courses:  Would you like me to suggest more courses or explore related career paths?
2025-04-06 01:29:53,301 - INFO - Extracted info: {'career_goals': ['Data Scientist'], 'preferred_subjects': [], 'time_constraints': []}
2025-04-06 01:29:53,301 - INFO - 127.0.0.1 - - [06/Apr/2025 01:29:53] "POST /api/chatbot/process HTTP/1.1" 200 -
2025-04-06 01:29:59,554 - INFO - Chatbot input: Give me a random course
2025-04-06 01:29:59,554 - INFO - Conversation history length: 13
2025-04-06 01:30:02,335 - INFO - Bot response: Let's try something new! Based on your request for a random course, I'll suggest one that might interest you. How about AAAD-A 120: SOUL REVUE: FOUNDATIONS AND PRACTICES (2 credits)? It's an interdisciplinary course that combines music, dance, and cultural studies. Would you like to learn more about this course or explore other options?
2025-04-06 01:30:02,335 - INFO - Extracted info: {'career_goals': [], 'preferred_subjects': [], 'time_constraints': []}
2025-04-06 01:30:02,335 - INFO - 127.0.0.1 - - [06/Apr/2025 01:30:02] "POST /api/chatbot/process HTTP/1.1" 200 -
2025-04-06 01:30:09,908 - INFO - Chatbot input: Give me another one
2025-04-06 01:30:09,908 - INFO - Conversation history length: 15
2025-04-06 01:30:12,669 - INFO - Bot response: Let's try something new again! Based on your request for a random course, I'll suggest another one that might interest you. How about AAAD-A 100: AFRICAN AMERICAN DANCE COMPANY: FOUNDATIONS AND PRACTICES (2 credits)? This course explores the history and cultural significance of African American dance traditions. Would you like to learn more about this course or explore other options?
2025-04-06 01:30:12,669 - INFO - Extracted info: {'career_goals': [], 'preferred_subjects': [], 'time_constraints': []}
2025-04-06 01:30:12,669 - INFO - 127.0.0.1 - - [06/Apr/2025 01:30:12] "POST /api/chatbot/process HTTP/1.1" 200 -
2025-04-06 01:30:52,001 - INFO - Chatbot input: Math course
2025-04-06 01:30:52,002 - INFO - Conversation history length: 17
2025-04-06 01:30:55,406 - INFO - Bot response: Based on your interest in a math course, I'd recommend considering courses that apply mathematical concepts to real-world problems. One option could be:

* MATH-M 150: MATHEMATICAL MODELING FOR SCIENCE AND ENGINEERING (3 credits)

This course uses mathematical modeling techniques to analyze and solve problems in various fields, including science, engineering, and computer science. Would you like me to suggest more math courses or explore related career paths?
2025-04-06 01:30:55,406 - INFO - Extracted info: {'career_goals': [], 'preferred_subjects': ['Math'], 'time_constraints': []}
2025-04-06 01:30:55,407 - INFO - 127.0.0.1 - - [06/Apr/2025 01:30:55] "POST /api/chatbot/process HTTP/1.1" 200 -
2025-04-06 01:31:11,791 - INFO - Chatbot input: Should I take C200
2025-04-06 01:31:11,792 - INFO - Conversation history length: 19
2025-04-06 01:31:13,952 - INFO - Bot response: I'm happy to help! However, it seems that there is no course listed as "C200". Could you please clarify which course you're referring to or would you like me to suggest some options?
2025-04-06 01:31:13,952 - INFO - Extracted info: {'career_goals': [], 'preferred_subjects': ['C200'], 'time_constraints': []}
2025-04-06 01:31:13,952 - INFO - 127.0.0.1 - - [06/Apr/2025 01:31:13] "POST /api/chatbot/process HTTP/1.1" 200 -
2025-04-06 01:31:27,197 - INFO - Chatbot input: Give me a computer science course
2025-04-06 01:31:27,198 - INFO - Conversation history length: 21
2025-04-06 01:31:28,343 - INFO - Bot response: Based on your interest in Computer Scientist, I recommend the following courses:  Would you like me to suggest more courses or explore related career paths?
2025-04-06 01:31:28,343 - INFO - Extracted info: {'career_goals': ['Computer Scientist'], 'preferred_subjects': ['Computer Science'], 'time_constraints': []}
2025-04-06 01:31:28,343 - INFO - 127.0.0.1 - - [06/Apr/2025 01:31:28] "POST /api/chatbot/process HTTP/1.1" 200 -
2025-04-06 01:31:37,095 - INFO - Chatbot input: Science course
2025-04-06 01:31:37,095 - INFO - Conversation history length: 23
2025-04-06 01:31:39,587 - INFO - Bot response: Let's find a science course that might interest you. How about:

* BIOL-B 101: HUMAN BIOLOGY (3 credits)

This course explores the biological principles and processes that affect human health, behavior, and disease. Would you like to learn more about this course or explore other options?
2025-04-06 01:31:39,587 - INFO - Extracted info: {'career_goals': [], 'preferred_subjects': ['Science'], 'time_constraints': []}
2025-04-06 01:31:39,588 - INFO - 127.0.0.1 - - [06/Apr/2025 01:31:39] "POST /api/chatbot/process HTTP/1.1" 200 -
